

Started GET "/" for 127.0.0.1 at 2014-10-23 18:26:13 +0200
Processing by Rails::WelcomeController#index as HTML
  Rendered /home/bartosz/.rvm/gems/ruby-2.1.1/gems/railties-4.1.4/lib/rails/templates/rails/welcome/index.html.erb (5.9ms)
Completed 200 OK in 82ms (Views: 59.0ms | ActiveRecord: 0.0ms)
  [1m[36m (79.7ms)[0m  [1mCREATE TABLE "schema_migrations" ("version" varchar(255) NOT NULL) [0m
  [1m[35m (0.3ms)[0m  select sqlite_version(*)
  [1m[36m (81.0ms)[0m  [1mCREATE UNIQUE INDEX "unique_schema_migrations" ON "schema_migrations" ("version")[0m
  [1m[35mActiveRecord::SchemaMigration Load (0.4ms)[0m  SELECT "schema_migrations".* FROM "schema_migrations"
Migrating to CreateProducts (20141023165017)
  [1m[36m (0.1ms)[0m  [1mbegin transaction[0m
  [1m[35m (0.4ms)[0m  CREATE TABLE "products" ("id" INTEGER PRIMARY KEY AUTOINCREMENT NOT NULL, "name" varchar(255), "product_id" integer, "price" decimal(8,2), "created_at" datetime, "updated_at" datetime) 
  [1m[36mSQL (0.1ms)[0m  [1mINSERT INTO "schema_migrations" ("version") VALUES (?)[0m  [["version", "20141023165017"]]
  [1m[35m (84.7ms)[0m  commit transaction
Migrating to CreateOrders (20141026080643)
  [1m[36m (0.2ms)[0m  [1mbegin transaction[0m
  [1m[35m (0.8ms)[0m  CREATE TABLE "orders" ("id" INTEGER PRIMARY KEY AUTOINCREMENT NOT NULL, "customer" varchar(255), "customer_id" integer, "order_id" integer, "created_at" datetime, "updated_at" datetime) 
  [1m[36mSQL (0.7ms)[0m  [1mINSERT INTO "schema_migrations" ("version") VALUES (?)[0m  [["version", "20141026080643"]]
  [1m[35m (76.0ms)[0m  commit transaction
Migrating to CreateOrderLines (20141026083941)
  [1m[36m (0.2ms)[0m  [1mbegin transaction[0m
  [1m[35m (0.8ms)[0m  CREATE TABLE "order_lines" ("id" INTEGER PRIMARY KEY AUTOINCREMENT NOT NULL, "amount" integer, "created_at" datetime, "updated_at" datetime) 
  [1m[36mSQL (0.7ms)[0m  [1mINSERT INTO "schema_migrations" ("version") VALUES (?)[0m  [["version", "20141026083941"]]
  [1m[35m (76.0ms)[0m  commit transaction
  [1m[36mActiveRecord::SchemaMigration Load (0.5ms)[0m  [1mSELECT "schema_migrations".* FROM "schema_migrations"[0m
  [1m[36mActiveRecord::SchemaMigration Load (0.1ms)[0m  [1mSELECT "schema_migrations".* FROM "schema_migrations"[0m
  [1m[35mActiveRecord::SchemaMigration Load (0.1ms)[0m  SELECT "schema_migrations".* FROM "schema_migrations"
  [1m[36mActiveRecord::SchemaMigration Load (0.1ms)[0m  [1mSELECT "schema_migrations".* FROM "schema_migrations"[0m
  [1m[35mActiveRecord::SchemaMigration Load (0.1ms)[0m  SELECT "schema_migrations".* FROM "schema_migrations"
  [1m[36mActiveRecord::SchemaMigration Load (0.1ms)[0m  [1mSELECT "schema_migrations".* FROM "schema_migrations"[0m
  [1m[35mActiveRecord::SchemaMigration Load (0.1ms)[0m  SELECT "schema_migrations".* FROM "schema_migrations"
  [1m[36mActiveRecord::SchemaMigration Load (0.1ms)[0m  [1mSELECT "schema_migrations".* FROM "schema_migrations"[0m
  [1m[35mActiveRecord::SchemaMigration Load (0.1ms)[0m  SELECT "schema_migrations".* FROM "schema_migrations"


Started GET "/" for 127.0.0.1 at 2014-10-26 10:22:29 +0100
  [1m[36mActiveRecord::SchemaMigration Load (0.1ms)[0m  [1mSELECT "schema_migrations".* FROM "schema_migrations"[0m
Processing by Rails::WelcomeController#index as HTML
  Rendered /home/bartosz/.rvm/gems/ruby-2.1.1/gems/railties-4.1.4/lib/rails/templates/rails/welcome/index.html.erb (5.1ms)
Completed 200 OK in 76ms (Views: 48.7ms | ActiveRecord: 0.0ms)


Started GET "/" for 127.0.0.1 at 2014-10-26 10:29:07 +0100
  [1m[36mActiveRecord::SchemaMigration Load (0.1ms)[0m  [1mSELECT "schema_migrations".* FROM "schema_migrations"[0m
Processing by Rails::WelcomeController#index as HTML
  Rendered /home/bartosz/.rvm/gems/ruby-2.1.1/gems/railties-4.1.4/lib/rails/templates/rails/welcome/index.html.erb (1.4ms)
Completed 200 OK in 24ms (Views: 5.8ms | ActiveRecord: 0.0ms)


Started GET "/" for 127.0.0.1 at 2014-10-26 10:30:38 +0100
  [1m[36mActiveRecord::SchemaMigration Load (0.1ms)[0m  [1mSELECT "schema_migrations".* FROM "schema_migrations"[0m
Processing by OrdersController#show as HTML
  Rendered orders/show.html.erb within layouts/application (1.1ms)
Completed 200 OK in 711ms (Views: 691.6ms | ActiveRecord: 0.0ms)


Started GET "/assets/orders.css?body=1" for 127.0.0.1 at 2014-10-26 10:30:39 +0100


Started GET "/assets/application.css?body=1" for 127.0.0.1 at 2014-10-26 10:30:39 +0100


Started GET "/assets/jquery.js?body=1" for 127.0.0.1 at 2014-10-26 10:30:39 +0100


Started GET "/assets/jquery_ujs.js?body=1" for 127.0.0.1 at 2014-10-26 10:30:39 +0100


Started GET "/assets/turbolinks.js?body=1" for 127.0.0.1 at 2014-10-26 10:30:39 +0100


Started GET "/assets/orders.js?body=1" for 127.0.0.1 at 2014-10-26 10:30:39 +0100


Started GET "/assets/application.js?body=1" for 127.0.0.1 at 2014-10-26 10:30:39 +0100


Started GET "/" for 127.0.0.1 at 2014-10-26 10:46:20 +0100
  [1m[36mActiveRecord::SchemaMigration Load (0.1ms)[0m  [1mSELECT "schema_migrations".* FROM "schema_migrations"[0m
Processing by OrdersController#show as HTML
  Rendered orders/show.html.erb within layouts/application (12.3ms)
Completed 500 Internal Server Error in 37ms

ActionView::Template::Error (undefined method `each' for nil:NilClass):
    1: <h1>Orders report</h1>
    2: <% for order in @orders %>
    3:   <table>
    4:     <tr>
    5:       <th>Id</th>
  app/views/orders/show.html.erb:2:in `_app_views_orders_show_html_erb__934365567_94017920'


  Rendered /home/bartosz/.rvm/gems/ruby-2.1.1/gems/actionpack-4.1.4/lib/action_dispatch/middleware/templates/rescues/_trace.html.erb (1.4ms)
  Rendered /home/bartosz/.rvm/gems/ruby-2.1.1/gems/actionpack-4.1.4/lib/action_dispatch/middleware/templates/rescues/_request_and_response.html.erb (0.9ms)
  Rendered /home/bartosz/.rvm/gems/ruby-2.1.1/gems/actionpack-4.1.4/lib/action_dispatch/middleware/templates/rescues/template_error.html.erb within rescues/layout (14.2ms)


Started GET "/" for 127.0.0.1 at 2014-10-26 10:49:48 +0100
  [1m[36mActiveRecord::SchemaMigration Load (0.1ms)[0m  [1mSELECT "schema_migrations".* FROM "schema_migrations"[0m
Processing by OrdersController#show as HTML
  [1m[35mOrder Load (0.2ms)[0m  SELECT "orders".* FROM "orders"
  Rendered orders/show.html.erb within layouts/application (1.8ms)
Completed 200 OK in 106ms (Views: 63.5ms | ActiveRecord: 0.2ms)


Started GET "/assets/orders.css?body=1" for 127.0.0.1 at 2014-10-26 10:49:48 +0100


Started GET "/assets/application.css?body=1" for 127.0.0.1 at 2014-10-26 10:49:48 +0100


Started GET "/assets/jquery_ujs.js?body=1" for 127.0.0.1 at 2014-10-26 10:49:48 +0100


Started GET "/assets/jquery.js?body=1" for 127.0.0.1 at 2014-10-26 10:49:48 +0100


Started GET "/assets/turbolinks.js?body=1" for 127.0.0.1 at 2014-10-26 10:49:48 +0100


Started GET "/assets/orders.js?body=1" for 127.0.0.1 at 2014-10-26 10:49:48 +0100


Started GET "/assets/application.js?body=1" for 127.0.0.1 at 2014-10-26 10:49:48 +0100
  [1m[36m (0.1ms)[0m  [1mbegin transaction[0m
  [1m[35mSQL (1.0ms)[0m  INSERT INTO "products" ("created_at", "name", "price", "product_id", "updated_at") VALUES (?, ?, ?, ?, ?)  [["created_at", "2014-10-26 09:57:07.459679"], ["name", "Chair"], ["price", 12.5], ["product_id", 123], ["updated_at", "2014-10-26 09:57:07.459679"]]
  [1m[36m (98.3ms)[0m  [1mcommit transaction[0m
  [1m[35mProduct Load (0.8ms)[0m  SELECT  "products".* FROM "products"  WHERE "products"."id" = ? LIMIT 1  [["id", 1]]
  [1m[36mProduct Load (0.3ms)[0m  [1mSELECT  "products".* FROM "products"  WHERE "products"."id" = ? LIMIT 1[0m  [["id", 1]]
  [1m[35m (0.1ms)[0m  begin transaction
  [1m[36mSQL (0.3ms)[0m  [1mINSERT INTO "orders" ("created_at", "customer", "customer_id", "order_id", "updated_at") VALUES (?, ?, ?, ?, ?)[0m  [["created_at", "2014-10-26 10:03:30.323348"], ["customer", "Jacek Gmoch"], ["customer_id", 512], ["order_id", 13], ["updated_at", "2014-10-26 10:03:30.323348"]]
  [1m[35m (98.7ms)[0m  commit transaction
  [1m[36mOrder Load (0.7ms)[0m  [1mSELECT  "orders".* FROM "orders"  WHERE "orders"."id" = ? LIMIT 1[0m  [["id", 1]]
  [1m[36mActiveRecord::SchemaMigration Load (0.1ms)[0m  [1mSELECT "schema_migrations".* FROM "schema_migrations"[0m
  [1m[35mActiveRecord::SchemaMigration Load (0.1ms)[0m  SELECT "schema_migrations".* FROM "schema_migrations"
Migrating to CreateOrderLines (20141026083941)
  [1m[36m (0.1ms)[0m  [1mbegin transaction[0m
  [1m[35m (1.3ms)[0m  DROP TABLE "order_lines"
  [1m[36mSQL (0.5ms)[0m  [1mDELETE FROM "schema_migrations" WHERE "schema_migrations"."version" = '20141026083941'[0m
  [1m[35m (70.1ms)[0m  commit transaction
  [1m[36mActiveRecord::SchemaMigration Load (0.1ms)[0m  [1mSELECT "schema_migrations".* FROM "schema_migrations"[0m
  [1m[35mActiveRecord::SchemaMigration Load (0.3ms)[0m  SELECT "schema_migrations".* FROM "schema_migrations"
Migrating to CreateOrderLines (20141026083941)
  [1m[36m (0.1ms)[0m  [1mbegin transaction[0m
  [1m[35m (0.3ms)[0m  CREATE TABLE "order_lines" ("id" INTEGER PRIMARY KEY AUTOINCREMENT NOT NULL, "amount" integer, "order_id" integer, "created_at" datetime, "updated_at" datetime) 
  [1m[36m (0.1ms)[0m  [1mselect sqlite_version(*)[0m
  [1m[35m (0.1ms)[0m  CREATE  INDEX "index_order_lines_on_order_id" ON "order_lines" ("order_id")
  [1m[36mSQL (0.1ms)[0m  [1mINSERT INTO "schema_migrations" ("version") VALUES (?)[0m  [["version", "20141026083941"]]
  [1m[35m (114.9ms)[0m  commit transaction
  [1m[36mActiveRecord::SchemaMigration Load (0.3ms)[0m  [1mSELECT "schema_migrations".* FROM "schema_migrations"[0m
  [1m[35m (0.4ms)[0m              SELECT sql
            FROM sqlite_master
            WHERE name='index_order_lines_on_order_id' AND type='index'
            UNION ALL
            SELECT sql
            FROM sqlite_temp_master
            WHERE name='index_order_lines_on_order_id' AND type='index'

  [1m[36mProduct Load (0.2ms)[0m  [1mSELECT  "products".* FROM "products"  WHERE "products"."id" = ? LIMIT 1[0m  [["id", 1]]
  [1m[35mOrder Load (0.1ms)[0m  SELECT  "orders".* FROM "orders"  WHERE "orders"."id" = ? LIMIT 1  [["id", 1]]
  [1m[36mActiveRecord::SchemaMigration Load (0.1ms)[0m  [1mSELECT "schema_migrations".* FROM "schema_migrations"[0m
  [1m[35mActiveRecord::SchemaMigration Load (0.1ms)[0m  SELECT "schema_migrations".* FROM "schema_migrations"
Migrating to CreateOrderLines (20141026083941)
  [1m[36m (0.1ms)[0m  [1mbegin transaction[0m
  [1m[35m (0.3ms)[0m  DROP TABLE "order_lines"
  [1m[36mSQL (0.1ms)[0m  [1mDELETE FROM "schema_migrations" WHERE "schema_migrations"."version" = '20141026083941'[0m
  [1m[35m (99.5ms)[0m  commit transaction
  [1m[36mActiveRecord::SchemaMigration Load (0.3ms)[0m  [1mSELECT "schema_migrations".* FROM "schema_migrations"[0m
  [1m[35mActiveRecord::SchemaMigration Load (0.1ms)[0m  SELECT "schema_migrations".* FROM "schema_migrations"
Migrating to CreateOrderLines (20141026083941)
  [1m[36m (0.1ms)[0m  [1mbegin transaction[0m
  [1m[35m (0.2ms)[0m  CREATE TABLE "order_lines" ("id" INTEGER PRIMARY KEY AUTOINCREMENT NOT NULL, "amount" integer, "product_id" integer, "order_id" integer, "created_at" datetime, "updated_at" datetime) 
  [1m[36m (0.1ms)[0m  [1mselect sqlite_version(*)[0m
  [1m[35m (0.1ms)[0m  CREATE  INDEX "index_order_lines_on_product_id" ON "order_lines" ("product_id")
  [1m[36m (0.1ms)[0m  [1m            SELECT sql
            FROM sqlite_master
            WHERE name='index_order_lines_on_product_id' AND type='index'
            UNION ALL
            SELECT sql
            FROM sqlite_temp_master
            WHERE name='index_order_lines_on_product_id' AND type='index'
[0m
  [1m[35m (0.1ms)[0m  CREATE  INDEX "index_order_lines_on_order_id" ON "order_lines" ("order_id")
  [1m[36mSQL (0.1ms)[0m  [1mINSERT INTO "schema_migrations" ("version") VALUES (?)[0m  [["version", "20141026083941"]]
  [1m[35m (101.2ms)[0m  commit transaction
  [1m[36mActiveRecord::SchemaMigration Load (0.3ms)[0m  [1mSELECT "schema_migrations".* FROM "schema_migrations"[0m
  [1m[35m (0.4ms)[0m              SELECT sql
            FROM sqlite_master
            WHERE name='index_order_lines_on_order_id' AND type='index'
            UNION ALL
            SELECT sql
            FROM sqlite_temp_master
            WHERE name='index_order_lines_on_order_id' AND type='index'

  [1m[36m (0.3ms)[0m  [1m            SELECT sql
            FROM sqlite_master
            WHERE name='index_order_lines_on_product_id' AND type='index'
            UNION ALL
            SELECT sql
            FROM sqlite_temp_master
            WHERE name='index_order_lines_on_product_id' AND type='index'
[0m
  [1m[36mProduct Load (0.2ms)[0m  [1mSELECT  "products".* FROM "products"  WHERE "products"."id" = ? LIMIT 1[0m  [["id", 1]]
  [1m[35mOrder Load (0.4ms)[0m  SELECT  "orders".* FROM "orders"  WHERE "orders"."id" = ? LIMIT 1  [["id", 1]]
  [1m[36m (0.1ms)[0m  [1mbegin transaction[0m
  [1m[35mSQL (0.3ms)[0m  INSERT INTO "order_lines" ("amount", "created_at", "order_id", "product_id", "updated_at") VALUES (?, ?, ?, ?, ?)  [["amount", 2], ["created_at", "2014-10-26 10:19:00.900624"], ["order_id", 1], ["product_id", 1], ["updated_at", "2014-10-26 10:19:00.900624"]]
  [1m[36m (103.9ms)[0m  [1mcommit transaction[0m


Started GET "/" for 127.0.0.1 at 2014-10-26 11:20:07 +0100
  [1m[36mActiveRecord::SchemaMigration Load (0.1ms)[0m  [1mSELECT "schema_migrations".* FROM "schema_migrations"[0m
Processing by OrdersController#show as HTML
  [1m[35mOrder Load (0.2ms)[0m  SELECT "orders".* FROM "orders"
  [1m[36mOrderLine Load (0.2ms)[0m  [1mSELECT "order_lines".* FROM "order_lines"  WHERE "order_lines"."order_id" = ?[0m  [["order_id", 1]]
  [1m[35mProduct Load (0.1ms)[0m  SELECT  "products".* FROM "products"  WHERE "products"."id" = ? LIMIT 1  [["id", 1]]
  Rendered orders/show.html.erb within layouts/application (37.1ms)
Completed 500 Internal Server Error in 64ms

ActionView::Template::Error (undefined method `total' for #<OrderLine:0xb484fa8>):
    13:       <td><% order_line.product.name %></td>
    14:       <td><% order_line.product.price %></td>
    15:       <td><% order_line.amount %></td>
    16:       <td><% order_line.total %></td>
    17:     <% end %>
    18:   </table>
    19: <% end %>
  app/views/orders/show.html.erb:16:in `block (2 levels) in _app_views_orders_show_html_erb__432242615_95217080'
  app/views/orders/show.html.erb:11:in `block in _app_views_orders_show_html_erb__432242615_95217080'
  app/views/orders/show.html.erb:2:in `_app_views_orders_show_html_erb__432242615_95217080'


  Rendered /home/bartosz/.rvm/gems/ruby-2.1.1/gems/actionpack-4.1.4/lib/action_dispatch/middleware/templates/rescues/_trace.html.erb (1.5ms)
  Rendered /home/bartosz/.rvm/gems/ruby-2.1.1/gems/actionpack-4.1.4/lib/action_dispatch/middleware/templates/rescues/_request_and_response.html.erb (1.0ms)
  Rendered /home/bartosz/.rvm/gems/ruby-2.1.1/gems/actionpack-4.1.4/lib/action_dispatch/middleware/templates/rescues/template_error.html.erb within rescues/layout (11.9ms)


Started GET "/" for 127.0.0.1 at 2014-10-26 11:20:54 +0100
  [1m[36mActiveRecord::SchemaMigration Load (0.2ms)[0m  [1mSELECT "schema_migrations".* FROM "schema_migrations"[0m
Processing by OrdersController#show as HTML
  [1m[35mOrder Load (0.2ms)[0m  SELECT "orders".* FROM "orders"
  [1m[36mOrderLine Load (0.2ms)[0m  [1mSELECT "order_lines".* FROM "order_lines"  WHERE "order_lines"."order_id" = ?[0m  [["order_id", 1]]
  [1m[35mProduct Load (0.1ms)[0m  SELECT  "products".* FROM "products"  WHERE "products"."id" = ? LIMIT 1  [["id", 1]]
  Rendered orders/show.html.erb within layouts/application (35.0ms)
Completed 500 Internal Server Error in 63ms

ActionView::Template::Error (undefined method `price' for nil:NilClass):
    13:       <td><% order_line.product.name %></td>
    14:       <td><% order_line.product.price %></td>
    15:       <td><% order_line.amount %></td>
    16:       <td><% order_line.total %></td>
    17:     <% end %>
    18:   </table>
    19: <% end %>
  app/models/order_line.rb:6:in `total'
  app/views/orders/show.html.erb:16:in `block (2 levels) in _app_views_orders_show_html_erb__464339857_87886970'
  app/views/orders/show.html.erb:11:in `block in _app_views_orders_show_html_erb__464339857_87886970'
  app/views/orders/show.html.erb:2:in `_app_views_orders_show_html_erb__464339857_87886970'


  Rendered /home/bartosz/.rvm/gems/ruby-2.1.1/gems/actionpack-4.1.4/lib/action_dispatch/middleware/templates/rescues/_trace.html.erb (1.5ms)
  Rendered /home/bartosz/.rvm/gems/ruby-2.1.1/gems/actionpack-4.1.4/lib/action_dispatch/middleware/templates/rescues/_request_and_response.html.erb (1.0ms)
  Rendered /home/bartosz/.rvm/gems/ruby-2.1.1/gems/actionpack-4.1.4/lib/action_dispatch/middleware/templates/rescues/template_error.html.erb within rescues/layout (11.9ms)
  [1m[36mOrder Load (0.2ms)[0m  [1mSELECT  "orders".* FROM "orders"  WHERE "orders"."id" = ? LIMIT 1[0m  [["id", 1]]
  [1m[35mProduct Load (0.4ms)[0m  SELECT  "products".* FROM "products"  WHERE "products"."id" = ? LIMIT 1  [["id", 1]]
  [1m[36mOrderLine Load (0.4ms)[0m  [1mSELECT  "order_lines".* FROM "order_lines"  WHERE "order_lines"."id" = ? LIMIT 1[0m  [["id", 1]]
  [1m[35m (0.1ms)[0m  begin transaction
  [1m[36m (0.1ms)[0m  [1mcommit transaction[0m
  [1m[35mOrderLine Load (0.2ms)[0m  SELECT "order_lines".* FROM "order_lines"  WHERE "order_lines"."order_id" = ?  [["order_id", 1]]
  [1m[36m (0.2ms)[0m  [1mbegin transaction[0m
  [1m[35m (0.3ms)[0m  commit transaction
  [1m[36mOrderLine Load (0.5ms)[0m  [1mSELECT "order_lines".* FROM "order_lines"  WHERE "order_lines"."product_id" = ?[0m  [["product_id", 1]]


Started GET "/" for 127.0.0.1 at 2014-10-26 11:23:12 +0100
  [1m[36mActiveRecord::SchemaMigration Load (0.1ms)[0m  [1mSELECT "schema_migrations".* FROM "schema_migrations"[0m
Processing by OrdersController#show as HTML
  [1m[35mOrder Load (0.2ms)[0m  SELECT "orders".* FROM "orders"
  [1m[36mOrderLine Load (0.2ms)[0m  [1mSELECT "order_lines".* FROM "order_lines"  WHERE "order_lines"."order_id" = ?[0m  [["order_id", 1]]
  [1m[35mProduct Load (0.2ms)[0m  SELECT  "products".* FROM "products"  WHERE "products"."id" = ? LIMIT 1  [["id", 1]]
  Rendered orders/show.html.erb within layouts/application (35.1ms)
Completed 500 Internal Server Error in 65ms

ActionView::Template::Error (undefined method `total' for #<OrderLine:0xad9aa30>):
    13:       <td><% order_line.product.name %></td>
    14:       <td><% order_line.product.price %></td>
    15:       <td><% order_line.amount %></td>
    16:       <td><% order_line.total %></td>
    17:     <% end %>
    18:   </table>
    19: <% end %>
  app/views/orders/show.html.erb:16:in `block (2 levels) in _app_views_orders_show_html_erb__349300540_91565180'
  app/views/orders/show.html.erb:11:in `block in _app_views_orders_show_html_erb__349300540_91565180'
  app/views/orders/show.html.erb:2:in `_app_views_orders_show_html_erb__349300540_91565180'


  Rendered /home/bartosz/.rvm/gems/ruby-2.1.1/gems/actionpack-4.1.4/lib/action_dispatch/middleware/templates/rescues/_trace.html.erb (1.4ms)
  Rendered /home/bartosz/.rvm/gems/ruby-2.1.1/gems/actionpack-4.1.4/lib/action_dispatch/middleware/templates/rescues/_request_and_response.html.erb (0.9ms)
  Rendered /home/bartosz/.rvm/gems/ruby-2.1.1/gems/actionpack-4.1.4/lib/action_dispatch/middleware/templates/rescues/template_error.html.erb within rescues/layout (11.5ms)


Started GET "/" for 127.0.0.1 at 2014-10-26 11:23:16 +0100
Processing by OrdersController#show as HTML
  [1m[36mOrder Load (0.5ms)[0m  [1mSELECT "orders".* FROM "orders"[0m
  [1m[35mOrderLine Load (0.2ms)[0m  SELECT "order_lines".* FROM "order_lines"  WHERE "order_lines"."order_id" = ?  [["order_id", 1]]
  [1m[36mProduct Load (0.1ms)[0m  [1mSELECT  "products".* FROM "products"  WHERE "products"."id" = ? LIMIT 1[0m  [["id", 1]]
  Rendered orders/show.html.erb within layouts/application (6.2ms)
Completed 500 Internal Server Error in 12ms

ActionView::Template::Error (undefined method `total' for #<OrderLine:0xab90564>):
    13:       <td><% order_line.product.name %></td>
    14:       <td><% order_line.product.price %></td>
    15:       <td><% order_line.amount %></td>
    16:       <td><% order_line.total %></td>
    17:     <% end %>
    18:   </table>
    19: <% end %>
  app/views/orders/show.html.erb:16:in `block (2 levels) in _app_views_orders_show_html_erb__349300540_91565180'
  app/views/orders/show.html.erb:11:in `block in _app_views_orders_show_html_erb__349300540_91565180'
  app/views/orders/show.html.erb:2:in `_app_views_orders_show_html_erb__349300540_91565180'


  Rendered /home/bartosz/.rvm/gems/ruby-2.1.1/gems/actionpack-4.1.4/lib/action_dispatch/middleware/templates/rescues/_trace.html.erb (1.4ms)
  Rendered /home/bartosz/.rvm/gems/ruby-2.1.1/gems/actionpack-4.1.4/lib/action_dispatch/middleware/templates/rescues/_request_and_response.html.erb (1.1ms)
  Rendered /home/bartosz/.rvm/gems/ruby-2.1.1/gems/actionpack-4.1.4/lib/action_dispatch/middleware/templates/rescues/template_error.html.erb within rescues/layout (11.2ms)


Started GET "/" for 127.0.0.1 at 2014-10-26 11:24:14 +0100
  [1m[36mActiveRecord::SchemaMigration Load (0.1ms)[0m  [1mSELECT "schema_migrations".* FROM "schema_migrations"[0m
Processing by OrdersController#show as HTML
  [1m[35mOrder Load (0.2ms)[0m  SELECT "orders".* FROM "orders"
  [1m[36mOrderLine Load (0.2ms)[0m  [1mSELECT "order_lines".* FROM "order_lines"  WHERE "order_lines"."order_id" = ?[0m  [["order_id", 1]]
  [1m[35mProduct Load (0.2ms)[0m  SELECT  "products".* FROM "products"  WHERE "products"."id" = ? LIMIT 1  [["id", 1]]
  Rendered orders/show.html.erb within layouts/application (35.1ms)
Completed 500 Internal Server Error in 63ms

ActionView::Template::Error (undefined method `price' for nil:NilClass):
    13:       <td><% order_line.product.name %></td>
    14:       <td><% order_line.product.price %></td>
    15:       <td><% order_line.amount %></td>
    16:       <td><% order_line.total %></td>
    17:     <% end %>
    18:   </table>
    19: <% end %>
  app/models/order_line.rb:6:in `total'
  app/views/orders/show.html.erb:16:in `block (2 levels) in _app_views_orders_show_html_erb__524080776_92263070'
  app/views/orders/show.html.erb:11:in `block in _app_views_orders_show_html_erb__524080776_92263070'
  app/views/orders/show.html.erb:2:in `_app_views_orders_show_html_erb__524080776_92263070'


  Rendered /home/bartosz/.rvm/gems/ruby-2.1.1/gems/actionpack-4.1.4/lib/action_dispatch/middleware/templates/rescues/_trace.html.erb (1.4ms)
  Rendered /home/bartosz/.rvm/gems/ruby-2.1.1/gems/actionpack-4.1.4/lib/action_dispatch/middleware/templates/rescues/_request_and_response.html.erb (1.0ms)
  Rendered /home/bartosz/.rvm/gems/ruby-2.1.1/gems/actionpack-4.1.4/lib/action_dispatch/middleware/templates/rescues/template_error.html.erb within rescues/layout (12.2ms)


Started GET "/" for 127.0.0.1 at 2014-10-26 11:24:17 +0100
Processing by OrdersController#show as HTML
  [1m[36mOrder Load (0.2ms)[0m  [1mSELECT "orders".* FROM "orders"[0m
  [1m[35mOrderLine Load (0.1ms)[0m  SELECT "order_lines".* FROM "order_lines"  WHERE "order_lines"."order_id" = ?  [["order_id", 1]]
  [1m[36mProduct Load (0.1ms)[0m  [1mSELECT  "products".* FROM "products"  WHERE "products"."id" = ? LIMIT 1[0m  [["id", 1]]
  Rendered orders/show.html.erb within layouts/application (2.7ms)
Completed 500 Internal Server Error in 5ms

ActionView::Template::Error (undefined method `price' for nil:NilClass):
    13:       <td><% order_line.product.name %></td>
    14:       <td><% order_line.product.price %></td>
    15:       <td><% order_line.amount %></td>
    16:       <td><% order_line.total %></td>
    17:     <% end %>
    18:   </table>
    19: <% end %>
  app/models/order_line.rb:6:in `total'
  app/views/orders/show.html.erb:16:in `block (2 levels) in _app_views_orders_show_html_erb__524080776_92263070'
  app/views/orders/show.html.erb:11:in `block in _app_views_orders_show_html_erb__524080776_92263070'
  app/views/orders/show.html.erb:2:in `_app_views_orders_show_html_erb__524080776_92263070'


  Rendered /home/bartosz/.rvm/gems/ruby-2.1.1/gems/actionpack-4.1.4/lib/action_dispatch/middleware/templates/rescues/_trace.html.erb (1.9ms)
  Rendered /home/bartosz/.rvm/gems/ruby-2.1.1/gems/actionpack-4.1.4/lib/action_dispatch/middleware/templates/rescues/_request_and_response.html.erb (1.1ms)
  Rendered /home/bartosz/.rvm/gems/ruby-2.1.1/gems/actionpack-4.1.4/lib/action_dispatch/middleware/templates/rescues/template_error.html.erb within rescues/layout (12.4ms)


Started GET "/" for 127.0.0.1 at 2014-10-26 11:24:22 +0100
Processing by OrdersController#show as HTML
  [1m[35mOrder Load (0.2ms)[0m  SELECT "orders".* FROM "orders"
  [1m[36mOrderLine Load (0.1ms)[0m  [1mSELECT "order_lines".* FROM "order_lines"  WHERE "order_lines"."order_id" = ?[0m  [["order_id", 1]]
  [1m[35mProduct Load (0.1ms)[0m  SELECT  "products".* FROM "products"  WHERE "products"."id" = ? LIMIT 1  [["id", 1]]
  Rendered orders/show.html.erb within layouts/application (2.7ms)
Completed 500 Internal Server Error in 5ms

ActionView::Template::Error (undefined method `price' for nil:NilClass):
    13:       <td><% order_line.product.name %></td>
    14:       <td><% order_line.product.price %></td>
    15:       <td><% order_line.amount %></td>
    16:       <td><% order_line.total %></td>
    17:     <% end %>
    18:   </table>
    19: <% end %>
  app/models/order_line.rb:6:in `total'
  app/views/orders/show.html.erb:16:in `block (2 levels) in _app_views_orders_show_html_erb__524080776_92263070'
  app/views/orders/show.html.erb:11:in `block in _app_views_orders_show_html_erb__524080776_92263070'
  app/views/orders/show.html.erb:2:in `_app_views_orders_show_html_erb__524080776_92263070'


  Rendered /home/bartosz/.rvm/gems/ruby-2.1.1/gems/actionpack-4.1.4/lib/action_dispatch/middleware/templates/rescues/_trace.html.erb (3.7ms)
  Rendered /home/bartosz/.rvm/gems/ruby-2.1.1/gems/actionpack-4.1.4/lib/action_dispatch/middleware/templates/rescues/_request_and_response.html.erb (1.0ms)
  Rendered /home/bartosz/.rvm/gems/ruby-2.1.1/gems/actionpack-4.1.4/lib/action_dispatch/middleware/templates/rescues/template_error.html.erb within rescues/layout (14.5ms)


Started GET "/" for 127.0.0.1 at 2014-10-26 11:24:50 +0100
  [1m[36mActiveRecord::SchemaMigration Load (0.1ms)[0m  [1mSELECT "schema_migrations".* FROM "schema_migrations"[0m
Processing by OrdersController#show as HTML
  [1m[35mOrder Load (0.2ms)[0m  SELECT "orders".* FROM "orders"
  [1m[36mOrderLine Load (0.2ms)[0m  [1mSELECT "order_lines".* FROM "order_lines"  WHERE "order_lines"."order_id" = ?[0m  [["order_id", 1]]
  [1m[35mProduct Load (0.1ms)[0m  SELECT  "products".* FROM "products"  WHERE "products"."id" = ? LIMIT 1  [["id", 1]]
  Rendered orders/show.html.erb within layouts/application (34.3ms)
Completed 500 Internal Server Error in 61ms

ActionView::Template::Error (undefined method `price' for nil:NilClass):
    13:       <td><% order_line.product.name %></td>
    14:       <td><% order_line.product.price %></td>
    15:       <td><% order_line.amount %></td>
    16:       <td><% order_line.total %></td>
    17:     <% end %>
    18:   </table>
    19: <% end %>
  app/models/order_line.rb:6:in `total'
  app/views/orders/show.html.erb:16:in `block (2 levels) in _app_views_orders_show_html_erb___809715933_99198590'
  app/views/orders/show.html.erb:11:in `block in _app_views_orders_show_html_erb___809715933_99198590'
  app/views/orders/show.html.erb:2:in `_app_views_orders_show_html_erb___809715933_99198590'


  Rendered /home/bartosz/.rvm/gems/ruby-2.1.1/gems/actionpack-4.1.4/lib/action_dispatch/middleware/templates/rescues/_trace.html.erb (1.5ms)
  Rendered /home/bartosz/.rvm/gems/ruby-2.1.1/gems/actionpack-4.1.4/lib/action_dispatch/middleware/templates/rescues/_request_and_response.html.erb (0.9ms)
  Rendered /home/bartosz/.rvm/gems/ruby-2.1.1/gems/actionpack-4.1.4/lib/action_dispatch/middleware/templates/rescues/template_error.html.erb within rescues/layout (11.5ms)


Started GET "/" for 127.0.0.1 at 2014-10-26 11:25:08 +0100
  [1m[36mActiveRecord::SchemaMigration Load (0.1ms)[0m  [1mSELECT "schema_migrations".* FROM "schema_migrations"[0m
Processing by OrdersController#show as HTML
  [1m[35mOrder Load (0.2ms)[0m  SELECT "orders".* FROM "orders"
  [1m[36mOrderLine Load (0.2ms)[0m  [1mSELECT "order_lines".* FROM "order_lines"  WHERE "order_lines"."order_id" = ?[0m  [["order_id", 1]]
  [1m[35mProduct Load (0.2ms)[0m  SELECT  "products".* FROM "products"  WHERE "products"."id" = ? LIMIT 1  [["id", 1]]
  Rendered orders/show.html.erb within layouts/application (32.7ms)
Completed 200 OK in 114ms (Views: 89.8ms | ActiveRecord: 1.4ms)


Started GET "/assets/orders.css?body=1" for 127.0.0.1 at 2014-10-26 11:25:08 +0100


Started GET "/assets/jquery.js?body=1" for 127.0.0.1 at 2014-10-26 11:25:08 +0100


Started GET "/assets/jquery_ujs.js?body=1" for 127.0.0.1 at 2014-10-26 11:25:08 +0100


Started GET "/assets/application.css?body=1" for 127.0.0.1 at 2014-10-26 11:25:08 +0100


Started GET "/assets/application.js?body=1" for 127.0.0.1 at 2014-10-26 11:25:08 +0100


Started GET "/assets/turbolinks.js?body=1" for 127.0.0.1 at 2014-10-26 11:25:08 +0100


Started GET "/assets/orders.js?body=1" for 127.0.0.1 at 2014-10-26 11:25:08 +0100


Started GET "/" for 127.0.0.1 at 2014-10-26 11:25:40 +0100
  [1m[36mActiveRecord::SchemaMigration Load (0.1ms)[0m  [1mSELECT "schema_migrations".* FROM "schema_migrations"[0m
Processing by OrdersController#show as HTML
  [1m[35mOrder Load (0.2ms)[0m  SELECT "orders".* FROM "orders"
  [1m[36mOrderLine Load (0.2ms)[0m  [1mSELECT "order_lines".* FROM "order_lines"  WHERE "order_lines"."order_id" = ?[0m  [["order_id", 1]]
  [1m[35mProduct Load (0.1ms)[0m  SELECT  "products".* FROM "products"  WHERE "products"."id" = ? LIMIT 1  [["id", 1]]
  Rendered orders/show.html.erb within layouts/application (33.0ms)
Completed 200 OK in 116ms (Views: 91.5ms | ActiveRecord: 1.2ms)


Started GET "/assets/orders.js?body=1" for 127.0.0.1 at 2014-10-26 11:25:41 +0100


Started GET "/assets/application.js?body=1" for 127.0.0.1 at 2014-10-26 11:25:41 +0100


Started GET "/assets/turbolinks.js?body=1" for 127.0.0.1 at 2014-10-26 11:25:41 +0100


Started GET "/assets/orders.css?body=1" for 127.0.0.1 at 2014-10-26 11:25:41 +0100


Started GET "/assets/jquery.js?body=1" for 127.0.0.1 at 2014-10-26 11:25:41 +0100


Started GET "/assets/application.css?body=1" for 127.0.0.1 at 2014-10-26 11:25:41 +0100


Started GET "/assets/jquery_ujs.js?body=1" for 127.0.0.1 at 2014-10-26 11:25:41 +0100


Started GET "/" for 127.0.0.1 at 2014-10-26 11:29:39 +0100
  [1m[36mActiveRecord::SchemaMigration Load (0.1ms)[0m  [1mSELECT "schema_migrations".* FROM "schema_migrations"[0m
Processing by OrdersController#show as HTML
  [1m[35mOrder Load (0.2ms)[0m  SELECT "orders".* FROM "orders"
  [1m[36mOrderLine Load (0.2ms)[0m  [1mSELECT "order_lines".* FROM "order_lines"  WHERE "order_lines"."order_id" = ?[0m  [["order_id", 1]]
  [1m[35mProduct Load (0.1ms)[0m  SELECT  "products".* FROM "products"  WHERE "products"."id" = ? LIMIT 1  [["id", 1]]
  Rendered orders/show.html.erb within layouts/application (36.0ms)
Completed 200 OK in 120ms (Views: 96.5ms | ActiveRecord: 1.3ms)


Started GET "/assets/orders.css?body=1" for 127.0.0.1 at 2014-10-26 11:29:39 +0100


Started GET "/assets/application.css?body=1" for 127.0.0.1 at 2014-10-26 11:29:39 +0100


Started GET "/assets/jquery.js?body=1" for 127.0.0.1 at 2014-10-26 11:29:39 +0100


Started GET "/assets/turbolinks.js?body=1" for 127.0.0.1 at 2014-10-26 11:29:39 +0100


Started GET "/assets/jquery_ujs.js?body=1" for 127.0.0.1 at 2014-10-26 11:29:39 +0100


Started GET "/assets/application.js?body=1" for 127.0.0.1 at 2014-10-26 11:29:39 +0100


Started GET "/assets/orders.js?body=1" for 127.0.0.1 at 2014-10-26 11:29:39 +0100


Started GET "/" for 127.0.0.1 at 2014-10-26 11:30:39 +0100
  [1m[36mActiveRecord::SchemaMigration Load (0.1ms)[0m  [1mSELECT "schema_migrations".* FROM "schema_migrations"[0m
Processing by OrdersController#show as HTML
  [1m[35mOrder Load (0.2ms)[0m  SELECT "orders".* FROM "orders"
  [1m[36mOrderLine Load (0.2ms)[0m  [1mSELECT "order_lines".* FROM "order_lines"  WHERE "order_lines"."order_id" = ?[0m  [["order_id", 1]]
  [1m[35mProduct Load (0.1ms)[0m  SELECT  "products".* FROM "products"  WHERE "products"."id" = ? LIMIT 1  [["id", 1]]
  Rendered orders/show.html.erb within layouts/application (34.5ms)
Completed 200 OK in 118ms (Views: 93.0ms | ActiveRecord: 1.4ms)


Started GET "/assets/orders.css?body=1" for 127.0.0.1 at 2014-10-26 11:30:40 +0100


Started GET "/assets/application.css?body=1" for 127.0.0.1 at 2014-10-26 11:30:40 +0100


Started GET "/assets/jquery.js?body=1" for 127.0.0.1 at 2014-10-26 11:30:40 +0100


Started GET "/assets/turbolinks.js?body=1" for 127.0.0.1 at 2014-10-26 11:30:40 +0100


Started GET "/assets/jquery_ujs.js?body=1" for 127.0.0.1 at 2014-10-26 11:30:40 +0100


Started GET "/assets/orders.js?body=1" for 127.0.0.1 at 2014-10-26 11:30:40 +0100


Started GET "/assets/application.js?body=1" for 127.0.0.1 at 2014-10-26 11:30:40 +0100


Started GET "/" for 127.0.0.1 at 2014-10-26 11:30:42 +0100
Processing by OrdersController#show as HTML
  [1m[36mOrder Load (0.2ms)[0m  [1mSELECT "orders".* FROM "orders"[0m
  [1m[35mOrderLine Load (0.1ms)[0m  SELECT "order_lines".* FROM "order_lines"  WHERE "order_lines"."order_id" = ?  [["order_id", 1]]
  [1m[36mProduct Load (0.1ms)[0m  [1mSELECT  "products".* FROM "products"  WHERE "products"."id" = ? LIMIT 1[0m  [["id", 1]]
  Rendered orders/show.html.erb within layouts/application (3.1ms)
Completed 200 OK in 42ms (Views: 40.5ms | ActiveRecord: 0.4ms)


Started GET "/assets/orders.js?body=1" for 127.0.0.1 at 2014-10-26 11:30:42 +0100


Started GET "/assets/application.js?body=1" for 127.0.0.1 at 2014-10-26 11:30:42 +0100


Started GET "/assets/orders.css?body=1" for 127.0.0.1 at 2014-10-26 11:30:42 +0100


Started GET "/assets/jquery_ujs.js?body=1" for 127.0.0.1 at 2014-10-26 11:30:42 +0100


Started GET "/assets/application.css?body=1" for 127.0.0.1 at 2014-10-26 11:30:42 +0100


Started GET "/assets/turbolinks.js?body=1" for 127.0.0.1 at 2014-10-26 11:30:42 +0100


Started GET "/assets/jquery.js?body=1" for 127.0.0.1 at 2014-10-26 11:30:42 +0100


Started GET "/" for 127.0.0.1 at 2014-10-26 11:31:27 +0100
  [1m[36mActiveRecord::SchemaMigration Load (0.1ms)[0m  [1mSELECT "schema_migrations".* FROM "schema_migrations"[0m
Processing by OrdersController#show as HTML
  [1m[35mOrder Load (0.2ms)[0m  SELECT "orders".* FROM "orders"
  [1m[36mOrderLine Load (0.2ms)[0m  [1mSELECT "order_lines".* FROM "order_lines"  WHERE "order_lines"."order_id" = ?[0m  [["order_id", 1]]
  [1m[35mProduct Load (0.1ms)[0m  SELECT  "products".* FROM "products"  WHERE "products"."id" = ? LIMIT 1  [["id", 1]]
  Rendered orders/show.html.erb within layouts/application (32.5ms)
Completed 200 OK in 115ms (Views: 90.2ms | ActiveRecord: 1.4ms)


Started GET "/assets/orders.js?body=1" for 127.0.0.1 at 2014-10-26 11:31:28 +0100


Started GET "/assets/orders.css?body=1" for 127.0.0.1 at 2014-10-26 11:31:28 +0100


Started GET "/assets/application.css?body=1" for 127.0.0.1 at 2014-10-26 11:31:28 +0100


Started GET "/assets/application.js?body=1" for 127.0.0.1 at 2014-10-26 11:31:28 +0100


Started GET "/assets/jquery.js?body=1" for 127.0.0.1 at 2014-10-26 11:31:28 +0100


Started GET "/assets/jquery_ujs.js?body=1" for 127.0.0.1 at 2014-10-26 11:31:28 +0100


Started GET "/assets/turbolinks.js?body=1" for 127.0.0.1 at 2014-10-26 11:31:28 +0100


Started GET "/" for 127.0.0.1 at 2014-10-26 11:34:53 +0100
  [1m[36mActiveRecord::SchemaMigration Load (0.1ms)[0m  [1mSELECT "schema_migrations".* FROM "schema_migrations"[0m
Processing by OrdersController#show as HTML
  [1m[35mOrder Load (0.2ms)[0m  SELECT "orders".* FROM "orders"
  [1m[36mOrderLine Load (0.2ms)[0m  [1mSELECT "order_lines".* FROM "order_lines"  WHERE "order_lines"."order_id" = ?[0m  [["order_id", 1]]
  [1m[35mProduct Load (0.1ms)[0m  SELECT  "products".* FROM "products"  WHERE "products"."id" = ? LIMIT 1  [["id", 1]]
  Rendered orders/show.html.erb within layouts/application (37.5ms)
Completed 500 Internal Server Error in 67ms

ActionView::Template::Error (undefined method `total' for #<OrderLine:0xb2941bc>):
    16:         <td><%= order_line.product.name %></td>
    17:         <td><%= order_line.product.price %> zł</td>
    18:         <td><%= order_line.amount %></td>
    19:         <td><%= order_line.total %> zł</td>
    20:       </tr>
    21:     <% end %>
    22:     <tr>
  app/views/orders/show.html.erb:19:in `block (2 levels) in _app_views_orders_show_html_erb__689852178_94201690'
  app/views/orders/show.html.erb:13:in `block in _app_views_orders_show_html_erb__689852178_94201690'
  app/views/orders/show.html.erb:2:in `_app_views_orders_show_html_erb__689852178_94201690'


  Rendered /home/bartosz/.rvm/gems/ruby-2.1.1/gems/actionpack-4.1.4/lib/action_dispatch/middleware/templates/rescues/_trace.html.erb (1.3ms)
  Rendered /home/bartosz/.rvm/gems/ruby-2.1.1/gems/actionpack-4.1.4/lib/action_dispatch/middleware/templates/rescues/_request_and_response.html.erb (1.0ms)
  Rendered /home/bartosz/.rvm/gems/ruby-2.1.1/gems/actionpack-4.1.4/lib/action_dispatch/middleware/templates/rescues/template_error.html.erb within rescues/layout (11.6ms)


Started GET "/" for 127.0.0.1 at 2014-10-26 11:35:47 +0100
Processing by OrdersController#show as HTML
  [1m[36mOrder Load (0.3ms)[0m  [1mSELECT "orders".* FROM "orders"[0m
  [1m[35mOrderLine Load (0.1ms)[0m  SELECT "order_lines".* FROM "order_lines"  WHERE "order_lines"."order_id" = ?  [["order_id", 1]]
  [1m[36mProduct Load (0.1ms)[0m  [1mSELECT  "products".* FROM "products"  WHERE "products"."id" = ? LIMIT 1[0m  [["id", 1]]
  Rendered orders/show.html.erb within layouts/application (18.3ms)
Completed 200 OK in 102ms (Views: 96.8ms | ActiveRecord: 1.3ms)


Started GET "/assets/orders.css?body=1" for 127.0.0.1 at 2014-10-26 11:35:47 +0100


Started GET "/assets/application.css?body=1" for 127.0.0.1 at 2014-10-26 11:35:47 +0100


Started GET "/assets/jquery.js?body=1" for 127.0.0.1 at 2014-10-26 11:35:47 +0100


Started GET "/assets/jquery_ujs.js?body=1" for 127.0.0.1 at 2014-10-26 11:35:47 +0100


Started GET "/assets/turbolinks.js?body=1" for 127.0.0.1 at 2014-10-26 11:35:47 +0100


Started GET "/assets/orders.js?body=1" for 127.0.0.1 at 2014-10-26 11:35:47 +0100


Started GET "/assets/application.js?body=1" for 127.0.0.1 at 2014-10-26 11:35:47 +0100


Started GET "/" for 127.0.0.1 at 2014-10-26 11:41:55 +0100
Processing by OrdersController#show as HTML
  [1m[35mOrder Load (0.3ms)[0m  SELECT "orders".* FROM "orders"
  [1m[36mOrderLine Load (0.2ms)[0m  [1mSELECT "order_lines".* FROM "order_lines"  WHERE "order_lines"."order_id" = ?[0m  [["order_id", 1]]
  [1m[35mProduct Load (0.2ms)[0m  SELECT  "products".* FROM "products"  WHERE "products"."id" = ? LIMIT 1  [["id", 1]]
  Rendered orders/show.html.erb within layouts/application (22.4ms)
Completed 200 OK in 65ms (Views: 59.8ms | ActiveRecord: 1.5ms)


Started GET "/assets/orders.js?body=1" for 127.0.0.1 at 2014-10-26 11:41:55 +0100


Started GET "/assets/application.js?body=1" for 127.0.0.1 at 2014-10-26 11:41:55 +0100


Started GET "/assets/orders.css?body=1" for 127.0.0.1 at 2014-10-26 11:41:55 +0100


Started GET "/assets/application.css?body=1" for 127.0.0.1 at 2014-10-26 11:41:55 +0100


Started GET "/assets/jquery.js?body=1" for 127.0.0.1 at 2014-10-26 11:41:55 +0100


Started GET "/assets/jquery_ujs.js?body=1" for 127.0.0.1 at 2014-10-26 11:41:55 +0100


Started GET "/assets/turbolinks.js?body=1" for 127.0.0.1 at 2014-10-26 11:41:55 +0100


Started GET "/" for 127.0.0.1 at 2014-10-26 11:43:23 +0100
  [1m[36mActiveRecord::SchemaMigration Load (0.1ms)[0m  [1mSELECT "schema_migrations".* FROM "schema_migrations"[0m
Processing by OrdersController#show as HTML
  [1m[35mOrder Load (0.2ms)[0m  SELECT "orders".* FROM "orders"
  [1m[36mOrderLine Load (0.2ms)[0m  [1mSELECT "order_lines".* FROM "order_lines"  WHERE "order_lines"."order_id" = ?[0m  [["order_id", 1]]
  [1m[35mProduct Load (0.2ms)[0m  SELECT  "products".* FROM "products"  WHERE "products"."id" = ? LIMIT 1  [["id", 1]]
  Rendered orders/show.html.erb within layouts/application (34.8ms)
Completed 200 OK in 119ms (Views: 94.2ms | ActiveRecord: 1.5ms)


Started GET "/assets/orders.css?body=1" for 127.0.0.1 at 2014-10-26 11:43:24 +0100


Started GET "/assets/application.css?body=1" for 127.0.0.1 at 2014-10-26 11:43:24 +0100


Started GET "/assets/jquery.js?body=1" for 127.0.0.1 at 2014-10-26 11:43:24 +0100


Started GET "/assets/turbolinks.js?body=1" for 127.0.0.1 at 2014-10-26 11:43:24 +0100


Started GET "/assets/jquery_ujs.js?body=1" for 127.0.0.1 at 2014-10-26 11:43:24 +0100


Started GET "/assets/application.js?body=1" for 127.0.0.1 at 2014-10-26 11:43:24 +0100


Started GET "/assets/orders.js?body=1" for 127.0.0.1 at 2014-10-26 11:43:24 +0100


Started GET "/" for 127.0.0.1 at 2014-10-26 11:43:43 +0100
  [1m[36mActiveRecord::SchemaMigration Load (0.1ms)[0m  [1mSELECT "schema_migrations".* FROM "schema_migrations"[0m
Processing by OrdersController#show as HTML
  [1m[35mOrder Load (0.2ms)[0m  SELECT "orders".* FROM "orders"
  [1m[36mOrderLine Load (0.2ms)[0m  [1mSELECT "order_lines".* FROM "order_lines"  WHERE "order_lines"."order_id" = ?[0m  [["order_id", 1]]
  [1m[35mProduct Load (0.1ms)[0m  SELECT  "products".* FROM "products"  WHERE "products"."id" = ? LIMIT 1  [["id", 1]]
  Rendered orders/show.html.erb within layouts/application (33.4ms)
Completed 200 OK in 115ms (Views: 91.0ms | ActiveRecord: 1.3ms)


Started GET "/assets/orders.js?body=1" for 127.0.0.1 at 2014-10-26 11:43:43 +0100


Started GET "/assets/application.js?body=1" for 127.0.0.1 at 2014-10-26 11:43:43 +0100


Started GET "/assets/orders.css?body=1" for 127.0.0.1 at 2014-10-26 11:43:44 +0100


Started GET "/assets/jquery_ujs.js?body=1" for 127.0.0.1 at 2014-10-26 11:43:44 +0100


Started GET "/assets/turbolinks.js?body=1" for 127.0.0.1 at 2014-10-26 11:43:44 +0100


Started GET "/assets/application.css?body=1" for 127.0.0.1 at 2014-10-26 11:43:44 +0100


Started GET "/assets/jquery.js?body=1" for 127.0.0.1 at 2014-10-26 11:43:44 +0100


Started GET "/" for 127.0.0.1 at 2014-10-26 11:43:56 +0100
  [1m[36mActiveRecord::SchemaMigration Load (0.1ms)[0m  [1mSELECT "schema_migrations".* FROM "schema_migrations"[0m
Processing by OrdersController#show as HTML
  [1m[35mOrder Load (0.2ms)[0m  SELECT "orders".* FROM "orders"
  [1m[36mOrderLine Load (0.2ms)[0m  [1mSELECT "order_lines".* FROM "order_lines"  WHERE "order_lines"."order_id" = ?[0m  [["order_id", 1]]
  [1m[35mProduct Load (0.1ms)[0m  SELECT  "products".* FROM "products"  WHERE "products"."id" = ? LIMIT 1  [["id", 1]]
  Rendered orders/show.html.erb within layouts/application (34.4ms)
Completed 200 OK in 117ms (Views: 93.2ms | ActiveRecord: 1.3ms)


Started GET "/assets/turbolinks.js?body=1" for 127.0.0.1 at 2014-10-26 11:43:56 +0100


Started GET "/assets/orders.js?body=1" for 127.0.0.1 at 2014-10-26 11:43:56 +0100


Started GET "/assets/application.js?body=1" for 127.0.0.1 at 2014-10-26 11:43:57 +0100


Started GET "/assets/orders.css?body=1" for 127.0.0.1 at 2014-10-26 11:43:57 +0100


Started GET "/assets/application.css?body=1" for 127.0.0.1 at 2014-10-26 11:43:57 +0100


Started GET "/assets/jquery.js?body=1" for 127.0.0.1 at 2014-10-26 11:43:57 +0100


Started GET "/assets/jquery_ujs.js?body=1" for 127.0.0.1 at 2014-10-26 11:43:57 +0100
  [1m[36mProduct Load (0.2ms)[0m  [1mSELECT  "products".* FROM "products"  WHERE "products"."id" = ? LIMIT 1[0m  [["id", 1]]
  [1m[35m (0.1ms)[0m  begin transaction
  [1m[36mSQL (0.7ms)[0m  [1mINSERT INTO "orders" ("created_at", "customer", "customer_id", "order_id", "updated_at") VALUES (?, ?, ?, ?, ?)[0m  [["created_at", "2014-10-26 10:47:13.464212"], ["customer", "John Smith"], ["customer_id", 154], ["order_id", 193], ["updated_at", "2014-10-26 10:47:13.464212"]]
  [1m[35m (100.3ms)[0m  commit transaction
  [1m[36m (0.2ms)[0m  [1mbegin transaction[0m
  [1m[35mSQL (0.7ms)[0m  INSERT INTO "products" ("created_at", "name", "price", "product_id", "updated_at") VALUES (?, ?, ?, ?, ?)  [["created_at", "2014-10-26 10:54:19.159769"], ["name", "Ball"], ["price", 29.99], ["product_id", 11], ["updated_at", "2014-10-26 10:54:19.159769"]]
  [1m[36m (102.8ms)[0m  [1mcommit transaction[0m
  [1m[35m (0.1ms)[0m  begin transaction
  [1m[36mSQL (0.2ms)[0m  [1mINSERT INTO "products" ("created_at", "name", "price", "product_id", "updated_at") VALUES (?, ?, ?, ?, ?)[0m  [["created_at", "2014-10-26 10:55:25.624223"], ["name", "Bed"], ["price", 99.99], ["product_id", 28], ["updated_at", "2014-10-26 10:55:25.624223"]]
  [1m[35m (110.6ms)[0m  commit transaction
  [1m[36m (0.1ms)[0m  [1mbegin transaction[0m
  [1m[35mSQL (0.2ms)[0m  INSERT INTO "order_lines" ("amount", "created_at", "order_id", "product_id", "updated_at") VALUES (?, ?, ?, ?, ?)  [["amount", 3], ["created_at", "2014-10-26 10:58:45.308352"], ["order_id", 2], ["product_id", 2], ["updated_at", "2014-10-26 10:58:45.308352"]]
  [1m[36m (95.0ms)[0m  [1mcommit transaction[0m
  [1m[35m (0.2ms)[0m  begin transaction
  [1m[36mSQL (0.6ms)[0m  [1mINSERT INTO "order_lines" ("amount", "created_at", "order_id", "product_id", "updated_at") VALUES (?, ?, ?, ?, ?)[0m  [["amount", 1], ["created_at", "2014-10-26 10:59:03.460243"], ["order_id", 2], ["product_id", 3], ["updated_at", "2014-10-26 10:59:03.460243"]]
  [1m[35m (111.5ms)[0m  commit transaction
  [1m[36m (0.2ms)[0m  [1mbegin transaction[0m
  [1m[35mSQL (0.6ms)[0m  INSERT INTO "order_lines" ("amount", "created_at", "order_id", "product_id", "updated_at") VALUES (?, ?, ?, ?, ?)  [["amount", 1], ["created_at", "2014-10-26 10:59:18.917751"], ["order_id", 2], ["product_id", 1], ["updated_at", "2014-10-26 10:59:18.917751"]]
  [1m[36m (104.6ms)[0m  [1mcommit transaction[0m
  [1m[35m (0.1ms)[0m  begin transaction
  [1m[36mSQL (0.2ms)[0m  [1mUPDATE "order_lines" SET "product_id" = ?, "updated_at" = ? WHERE "order_lines"."id" = 2[0m  [["product_id", 1], ["updated_at", "2014-10-26 10:59:33.152196"]]
  [1m[35m (112.0ms)[0m  commit transaction
  [1m[36mOrderLine Load (0.6ms)[0m  [1mSELECT "order_lines".* FROM "order_lines"  WHERE "order_lines"."product_id" = ?[0m  [["product_id", 1]]
  [1m[35m (0.2ms)[0m  begin transaction
  [1m[36mSQL (0.6ms)[0m  [1mUPDATE "order_lines" SET "product_id" = ?, "updated_at" = ? WHERE "order_lines"."id" = 3[0m  [["product_id", 1], ["updated_at", "2014-10-26 10:59:36.363967"]]
  [1m[35m (111.6ms)[0m  commit transaction
  [1m[36m (0.2ms)[0m  [1mbegin transaction[0m
  [1m[35m (0.2ms)[0m  commit transaction
  [1m[36m (0.2ms)[0m  [1mbegin transaction[0m
  [1m[35m (0.2ms)[0m  commit transaction
  [1m[36mOrderLine Load (0.6ms)[0m  [1mSELECT "order_lines".* FROM "order_lines"  WHERE "order_lines"."order_id" = ?[0m  [["order_id", 2]]
  [1m[35m (0.2ms)[0m  begin transaction
  [1m[36m (0.2ms)[0m  [1mcommit transaction[0m
  [1m[35m (0.2ms)[0m  begin transaction
  [1m[36mSQL (0.6ms)[0m  [1mUPDATE "order_lines" SET "created_at" = ?, "updated_at" = ? WHERE "order_lines"."id" = 2[0m  [["created_at", "2014-10-26 10:58:45.308352"], ["updated_at", "2014-10-26 10:59:33.152196"]]
  [1m[35m (107.6ms)[0m  commit transaction


Started GET "/" for 127.0.0.1 at 2014-10-26 12:00:57 +0100
  [1m[36mActiveRecord::SchemaMigration Load (0.1ms)[0m  [1mSELECT "schema_migrations".* FROM "schema_migrations"[0m
Processing by OrdersController#show as HTML
  [1m[35mOrder Load (0.2ms)[0m  SELECT "orders".* FROM "orders"
  [1m[36mOrderLine Load (0.2ms)[0m  [1mSELECT "order_lines".* FROM "order_lines"  WHERE "order_lines"."order_id" = ?[0m  [["order_id", 1]]
  [1m[35mProduct Load (0.1ms)[0m  SELECT  "products".* FROM "products"  WHERE "products"."id" = ? LIMIT 1  [["id", 1]]
  [1m[36mOrderLine Load (0.1ms)[0m  [1mSELECT "order_lines".* FROM "order_lines"  WHERE "order_lines"."order_id" = ?[0m  [["order_id", 2]]
  [1m[35mCACHE (0.0ms)[0m  SELECT  "products".* FROM "products"  WHERE "products"."id" = ? LIMIT 1  [["id", 1]]
  [1m[36mCACHE (0.0ms)[0m  [1mSELECT  "products".* FROM "products"  WHERE "products"."id" = ? LIMIT 1[0m  [["id", 1]]
  [1m[35mCACHE (0.0ms)[0m  SELECT  "products".* FROM "products"  WHERE "products"."id" = ? LIMIT 1  [["id", 1]]
  Rendered orders/show.html.erb within layouts/application (36.7ms)
Completed 200 OK in 120ms (Views: 95.3ms | ActiveRecord: 1.5ms)


Started GET "/assets/turbolinks.js?body=1" for 127.0.0.1 at 2014-10-26 12:00:57 +0100


Started GET "/assets/orders.js?body=1" for 127.0.0.1 at 2014-10-26 12:00:57 +0100


Started GET "/assets/application.js?body=1" for 127.0.0.1 at 2014-10-26 12:00:57 +0100


Started GET "/assets/application.css?body=1" for 127.0.0.1 at 2014-10-26 12:00:57 +0100


Started GET "/assets/orders.css?body=1" for 127.0.0.1 at 2014-10-26 12:00:57 +0100


Started GET "/assets/jquery.js?body=1" for 127.0.0.1 at 2014-10-26 12:00:57 +0100


Started GET "/assets/jquery_ujs.js?body=1" for 127.0.0.1 at 2014-10-26 12:00:57 +0100
  [1m[36mProduct Load (0.1ms)[0m  [1mSELECT  "products".* FROM "products"  WHERE "products"."id" = ? LIMIT 1[0m  [["id", 1]]
  [1m[35mOrderLine Load (0.1ms)[0m  SELECT  "order_lines".* FROM "order_lines"  WHERE "order_lines"."product_id" = ? AND "order_lines"."id" = ? LIMIT 1  [["product_id", 1], ["id", 1]]
  [1m[36mOrderLine Load (0.3ms)[0m  [1mSELECT  "order_lines".* FROM "order_lines"  WHERE "order_lines"."product_id" = ? AND "order_lines"."id" = ? LIMIT 1[0m  [["product_id", 1], ["id", 2]]
  [1m[35mOrderLine Load (0.3ms)[0m  SELECT  "order_lines".* FROM "order_lines"  WHERE "order_lines"."product_id" = ? AND "order_lines"."id" = ? LIMIT 1  [["product_id", 1], ["id", 2]]
  [1m[36mSQL (100.1ms)[0m  [1mDELETE FROM "order_lines" WHERE "order_lines"."id" = 2[0m
  [1m[35mOrderLine Load (0.3ms)[0m  SELECT  "order_lines".* FROM "order_lines"  WHERE "order_lines"."product_id" = ? AND "order_lines"."id" = ? LIMIT 1  [["product_id", 1], ["id", 2]]
  [1m[36mOrderLine Load (0.3ms)[0m  [1mSELECT  "order_lines".* FROM "order_lines"  WHERE "order_lines"."product_id" = ? AND "order_lines"."id" = ? LIMIT 1[0m  [["product_id", 1], ["id", 2]]
  [1m[35mOrderLine Load (0.3ms)[0m  SELECT  "order_lines".* FROM "order_lines"  WHERE "order_lines"."product_id" = ? AND "order_lines"."id" = ? LIMIT 1  [["product_id", 1], ["id", 1]]
  [1m[36mOrderLine Load (0.3ms)[0m  [1mSELECT  "order_lines".* FROM "order_lines"  WHERE "order_lines"."product_id" = ? AND "order_lines"."id" = ? LIMIT 1[0m  [["product_id", 1], ["id", 3]]
  [1m[35mOrderLine Load (0.3ms)[0m  SELECT  "order_lines".* FROM "order_lines"  WHERE "order_lines"."product_id" = ? AND "order_lines"."id" = ? LIMIT 1  [["product_id", 1], ["id", 3]]
  [1m[36mSQL (102.0ms)[0m  [1mDELETE FROM "order_lines" WHERE "order_lines"."id" = 3[0m
  [1m[35mOrderLine Load (0.4ms)[0m  SELECT  "order_lines".* FROM "order_lines"  WHERE "order_lines"."product_id" = ? AND "order_lines"."id" = ? LIMIT 1  [["product_id", 1], ["id", 4]]
  [1m[36mSQL (105.2ms)[0m  [1mDELETE FROM "order_lines" WHERE "order_lines"."id" = 4[0m
  [1m[35mProduct Load (0.3ms)[0m  SELECT  "products".* FROM "products"  WHERE "products"."id" = ? LIMIT 1  [["id", 2]]
  [1m[36mOrderLine Load (0.6ms)[0m  [1mSELECT  "order_lines".* FROM "order_lines"  WHERE "order_lines"."id" = ? LIMIT 1[0m  [["id", 2]]
  [1m[35mOrderLine Load (0.3ms)[0m  SELECT  "order_lines".* FROM "order_lines"  WHERE "order_lines"."id" = ? LIMIT 1  [["id", 1]]
  [1m[36mOrderLine Load (0.3ms)[0m  [1mSELECT  "order_lines".* FROM "order_lines"  WHERE "order_lines"."id" = ? LIMIT 1[0m  [["id", 2]]
  [1m[35mOrderLine Load (0.3ms)[0m  SELECT  "order_lines".* FROM "order_lines"  WHERE "order_lines"."id" = ? LIMIT 1  [["id", 3]]


Started GET "/" for 127.0.0.1 at 2014-10-26 12:09:18 +0100
  [1m[36mActiveRecord::SchemaMigration Load (0.1ms)[0m  [1mSELECT "schema_migrations".* FROM "schema_migrations"[0m
Processing by OrdersController#show as HTML
  [1m[35mOrder Load (0.2ms)[0m  SELECT "orders".* FROM "orders"
  [1m[36mOrderLine Load (0.2ms)[0m  [1mSELECT "order_lines".* FROM "order_lines"  WHERE "order_lines"."order_id" = ?[0m  [["order_id", 1]]
  [1m[35mProduct Load (0.1ms)[0m  SELECT  "products".* FROM "products"  WHERE "products"."id" = ? LIMIT 1  [["id", 1]]
  [1m[36mOrderLine Load (0.1ms)[0m  [1mSELECT "order_lines".* FROM "order_lines"  WHERE "order_lines"."order_id" = ?[0m  [["order_id", 2]]
  Rendered orders/show.html.erb within layouts/application (34.1ms)
Completed 200 OK in 115ms (Views: 91.7ms | ActiveRecord: 1.5ms)


Started GET "/assets/orders.css?body=1" for 127.0.0.1 at 2014-10-26 12:09:18 +0100


Started GET "/assets/application.css?body=1" for 127.0.0.1 at 2014-10-26 12:09:18 +0100


Started GET "/assets/jquery.js?body=1" for 127.0.0.1 at 2014-10-26 12:09:18 +0100


Started GET "/assets/application.js?body=1" for 127.0.0.1 at 2014-10-26 12:09:19 +0100


Started GET "/assets/turbolinks.js?body=1" for 127.0.0.1 at 2014-10-26 12:09:19 +0100


Started GET "/assets/orders.js?body=1" for 127.0.0.1 at 2014-10-26 12:09:19 +0100


Started GET "/assets/jquery_ujs.js?body=1" for 127.0.0.1 at 2014-10-26 12:09:19 +0100
  [1m[36mProduct Load (0.2ms)[0m  [1mSELECT  "products".* FROM "products"  WHERE "products"."id" = ? LIMIT 1[0m  [["id", 2]]
  [1m[35mProduct Load (0.4ms)[0m  SELECT  "products".* FROM "products"  WHERE "products"."id" = ? LIMIT 1  [["id", 3]]
  [1m[36mOrder Load (0.1ms)[0m  [1mSELECT  "orders".* FROM "orders"  WHERE "orders"."id" = ? LIMIT 1[0m  [["id", 2]]
  [1m[35m (0.1ms)[0m  begin transaction
  [1m[36mSQL (0.4ms)[0m  [1mINSERT INTO "order_lines" ("amount", "created_at", "order_id", "product_id", "updated_at") VALUES (?, ?, ?, ?, ?)[0m  [["amount", 3], ["created_at", "2014-10-26 11:10:41.531006"], ["order_id", 2], ["product_id", 2], ["updated_at", "2014-10-26 11:10:41.531006"]]
  [1m[35m (104.2ms)[0m  commit transaction
  [1m[36m (0.2ms)[0m  [1mbegin transaction[0m
  [1m[35mSQL (0.6ms)[0m  INSERT INTO "order_lines" ("amount", "created_at", "order_id", "product_id", "updated_at") VALUES (?, ?, ?, ?, ?)  [["amount", 1], ["created_at", "2014-10-26 11:11:06.507972"], ["order_id", 2], ["product_id", 3], ["updated_at", "2014-10-26 11:11:06.507972"]]
  [1m[36m (120.8ms)[0m  [1mcommit transaction[0m
  [1m[35mProduct Load (0.3ms)[0m  SELECT  "products".* FROM "products"  WHERE "products"."id" = ? LIMIT 1  [["id", 1]]
  [1m[36m (0.2ms)[0m  [1mbegin transaction[0m
  [1m[35mSQL (0.6ms)[0m  INSERT INTO "order_lines" ("amount", "created_at", "order_id", "product_id", "updated_at") VALUES (?, ?, ?, ?, ?)  [["amount", 1], ["created_at", "2014-10-26 11:11:38.824064"], ["order_id", 2], ["product_id", 1], ["updated_at", "2014-10-26 11:11:38.824064"]]
  [1m[36m (104.6ms)[0m  [1mcommit transaction[0m
  [1m[35m (0.3ms)[0m  begin transaction
  [1m[36m (0.2ms)[0m  [1mcommit transaction[0m
  [1m[35mOrderLine Load (0.5ms)[0m  SELECT "order_lines".* FROM "order_lines"  WHERE "order_lines"."product_id" = ?  [["product_id", 2]]
  [1m[36m (0.2ms)[0m  [1mbegin transaction[0m
  [1m[35m (0.2ms)[0m  commit transaction
  [1m[36mOrderLine Load (0.3ms)[0m  [1mSELECT "order_lines".* FROM "order_lines"  WHERE "order_lines"."product_id" = ?[0m  [["product_id", 3]]
  [1m[35m (0.2ms)[0m  begin transaction
  [1m[36m (0.2ms)[0m  [1mcommit transaction[0m
  [1m[35mOrderLine Load (0.3ms)[0m  SELECT "order_lines".* FROM "order_lines"  WHERE "order_lines"."product_id" = ?  [["product_id", 1]]
  [1m[36m (0.2ms)[0m  [1mbegin transaction[0m
  [1m[35mSQL (0.8ms)[0m  UPDATE "order_lines" SET "created_at" = ?, "updated_at" = ? WHERE "order_lines"."id" = 5  [["created_at", "2014-10-26 11:10:41.531006"], ["updated_at", "2014-10-26 11:10:41.531006"]]
  [1m[36m (98.4ms)[0m  [1mcommit transaction[0m
  [1m[35mOrderLine Load (0.6ms)[0m  SELECT "order_lines".* FROM "order_lines"  WHERE "order_lines"."order_id" = ?  [["order_id", 2]]
  [1m[36m (0.2ms)[0m  [1mbegin transaction[0m
  [1m[35mSQL (0.6ms)[0m  UPDATE "order_lines" SET "created_at" = ?, "updated_at" = ? WHERE "order_lines"."id" = 6  [["created_at", "2014-10-26 11:11:06.507972"], ["updated_at", "2014-10-26 11:11:06.507972"]]
  [1m[36m (90.2ms)[0m  [1mcommit transaction[0m
  [1m[35m (0.2ms)[0m  begin transaction
  [1m[36mSQL (0.6ms)[0m  [1mUPDATE "order_lines" SET "created_at" = ?, "updated_at" = ? WHERE "order_lines"."id" = 7[0m  [["created_at", "2014-10-26 11:11:38.824064"], ["updated_at", "2014-10-26 11:11:38.824064"]]
  [1m[35m (92.7ms)[0m  commit transaction


Started GET "/" for 127.0.0.1 at 2014-10-26 12:13:11 +0100
  [1m[36mActiveRecord::SchemaMigration Load (0.1ms)[0m  [1mSELECT "schema_migrations".* FROM "schema_migrations"[0m
Processing by OrdersController#show as HTML
  [1m[35mOrder Load (0.2ms)[0m  SELECT "orders".* FROM "orders"
  [1m[36mOrderLine Load (0.2ms)[0m  [1mSELECT "order_lines".* FROM "order_lines"  WHERE "order_lines"."order_id" = ?[0m  [["order_id", 1]]
  [1m[35mProduct Load (0.1ms)[0m  SELECT  "products".* FROM "products"  WHERE "products"."id" = ? LIMIT 1  [["id", 1]]
  [1m[36mOrderLine Load (0.1ms)[0m  [1mSELECT "order_lines".* FROM "order_lines"  WHERE "order_lines"."order_id" = ?[0m  [["order_id", 2]]
  [1m[35mProduct Load (0.1ms)[0m  SELECT  "products".* FROM "products"  WHERE "products"."id" = ? LIMIT 1  [["id", 2]]
  [1m[36mProduct Load (0.1ms)[0m  [1mSELECT  "products".* FROM "products"  WHERE "products"."id" = ? LIMIT 1[0m  [["id", 3]]
  [1m[35mCACHE (0.0ms)[0m  SELECT  "products".* FROM "products"  WHERE "products"."id" = ? LIMIT 1  [["id", 1]]
  Rendered orders/show.html.erb within layouts/application (36.0ms)
Completed 200 OK in 120ms (Views: 94.9ms | ActiveRecord: 1.5ms)


Started GET "/assets/jquery_ujs.js?body=1" for 127.0.0.1 at 2014-10-26 12:13:11 +0100


Started GET "/assets/orders.js?body=1" for 127.0.0.1 at 2014-10-26 12:13:11 +0100


Started GET "/assets/turbolinks.js?body=1" for 127.0.0.1 at 2014-10-26 12:13:11 +0100


Started GET "/assets/application.js?body=1" for 127.0.0.1 at 2014-10-26 12:13:11 +0100


Started GET "/assets/orders.css?body=1" for 127.0.0.1 at 2014-10-26 12:13:11 +0100


Started GET "/assets/jquery.js?body=1" for 127.0.0.1 at 2014-10-26 12:13:11 +0100


Started GET "/assets/application.css?body=1" for 127.0.0.1 at 2014-10-26 12:13:11 +0100


Started GET "/" for 127.0.0.1 at 2014-10-26 12:14:33 +0100
  [1m[36mActiveRecord::SchemaMigration Load (0.1ms)[0m  [1mSELECT "schema_migrations".* FROM "schema_migrations"[0m
Processing by OrdersController#show as HTML
  [1m[35mOrder Load (0.2ms)[0m  SELECT "orders".* FROM "orders"
  [1m[36mOrderLine Load (0.2ms)[0m  [1mSELECT "order_lines".* FROM "order_lines"  WHERE "order_lines"."order_id" = ?[0m  [["order_id", 1]]
  [1m[35mProduct Load (0.1ms)[0m  SELECT  "products".* FROM "products"  WHERE "products"."id" = ? LIMIT 1  [["id", 1]]
  [1m[36mOrderLine Load (0.1ms)[0m  [1mSELECT "order_lines".* FROM "order_lines"  WHERE "order_lines"."order_id" = ?[0m  [["order_id", 2]]
  [1m[35mProduct Load (0.1ms)[0m  SELECT  "products".* FROM "products"  WHERE "products"."id" = ? LIMIT 1  [["id", 2]]
  [1m[36mProduct Load (0.1ms)[0m  [1mSELECT  "products".* FROM "products"  WHERE "products"."id" = ? LIMIT 1[0m  [["id", 3]]
  [1m[35mCACHE (0.0ms)[0m  SELECT  "products".* FROM "products"  WHERE "products"."id" = ? LIMIT 1  [["id", 1]]
  Rendered orders/show.html.erb within layouts/application (37.0ms)
Completed 200 OK in 121ms (Views: 95.2ms | ActiveRecord: 1.7ms)


Started GET "/assets/orders.css?body=1" for 127.0.0.1 at 2014-10-26 12:14:33 +0100


Started GET "/assets/application.css?body=1" for 127.0.0.1 at 2014-10-26 12:14:33 +0100


Started GET "/assets/jquery.js?body=1" for 127.0.0.1 at 2014-10-26 12:14:33 +0100


Started GET "/assets/jquery_ujs.js?body=1" for 127.0.0.1 at 2014-10-26 12:14:33 +0100


Started GET "/assets/turbolinks.js?body=1" for 127.0.0.1 at 2014-10-26 12:14:33 +0100


Started GET "/assets/application.js?body=1" for 127.0.0.1 at 2014-10-26 12:14:33 +0100


Started GET "/assets/orders.js?body=1" for 127.0.0.1 at 2014-10-26 12:14:33 +0100
